This is pdfTeX, Version 3.14159265-2.6-1.40.19 (TeX Live 2018) (preloaded format=pdflatex 2018.8.29)  25 SEP 2018 21:31
entering extended mode
 restricted \write18 enabled.
 %&-line parsing enabled.
**BayesianCubaturePaper2018.tex
(./BayesianCubaturePaper2018.tex
LaTeX2e <2018-04-01> patch level 5
(/usr/local/texlive/2018/texmf-dist/tex/latex/amsmath/amsmath.sty
Package: amsmath 2017/09/02 v2.17a AMS math features
\@mathmargin=\skip41

For additional information on amsmath, use the `?' option.
(/usr/local/texlive/2018/texmf-dist/tex/latex/amsmath/amstext.sty
Package: amstext 2000/06/29 v2.01 AMS text

(/usr/local/texlive/2018/texmf-dist/tex/latex/amsmath/amsgen.sty
File: amsgen.sty 1999/11/30 v2.0 generic functions
\@emptytoks=\toks14
\ex@=\dimen102
))
(/usr/local/texlive/2018/texmf-dist/tex/latex/amsmath/amsbsy.sty
Package: amsbsy 1999/11/29 v1.2d Bold Symbols
\pmbraise@=\dimen103
)
(/usr/local/texlive/2018/texmf-dist/tex/latex/amsmath/amsopn.sty
Package: amsopn 2016/03/08 v2.02 operator names
)
\inf@bad=\count80
LaTeX Info: Redefining \frac on input line 213.
\uproot@=\count81
\leftroot@=\count82
LaTeX Info: Redefining \overline on input line 375.
\classnum@=\count83
\DOTSCASE@=\count84
LaTeX Info: Redefining \ldots on input line 472.
LaTeX Info: Redefining \dots on input line 475.
LaTeX Info: Redefining \cdots on input line 596.
\Mathstrutbox@=\box26
\strutbox@=\box27
\big@size=\dimen104
LaTeX Font Info:    Redeclaring font encoding OML on input line 712.
LaTeX Font Info:    Redeclaring font encoding OMS on input line 713.
\macc@depth=\count85
\c@MaxMatrixCols=\count86
\dotsspace@=\muskip10
\c@parentequation=\count87
\dspbrk@lvl=\count88
\tag@help=\toks15
\row@=\count89
\column@=\count90
\maxfields@=\count91
\andhelp@=\toks16
\eqnshift@=\dimen105
\alignsep@=\dimen106
\tagshift@=\dimen107
\tagwidth@=\dimen108
\totwidth@=\dimen109
\lineht@=\dimen110
\@envbody=\toks17
\multlinegap=\skip42
\multlinetaggap=\skip43
\mathdisplay@stack=\toks18
LaTeX Info: Redefining \[ on input line 2817.
LaTeX Info: Redefining \] on input line 2818.
)
(/usr/local/texlive/2018/texmf-dist/tex/latex/base/fix-cm.sty
Package: fix-cm 2015/01/14 v1.1t fixes to LaTeX

(/usr/local/texlive/2018/texmf-dist/tex/latex/base/ts1enc.def
File: ts1enc.def 2001/06/05 v3.0e (jk/car/fm) Standard LaTeX file
Now handling font encoding TS1 ...
... processing UTF-8 mapping file for font encoding TS1

(/usr/local/texlive/2018/texmf-dist/tex/latex/base/ts1enc.dfu
File: ts1enc.dfu 2018/04/05 v1.2c UTF-8 support for inputenc
   defining Unicode char U+00A2 (decimal 162)
   defining Unicode char U+00A3 (decimal 163)
   defining Unicode char U+00A4 (decimal 164)
   defining Unicode char U+00A5 (decimal 165)
   defining Unicode char U+00A6 (decimal 166)
   defining Unicode char U+00A7 (decimal 167)
   defining Unicode char U+00A8 (decimal 168)
   defining Unicode char U+00A9 (decimal 169)
   defining Unicode char U+00AA (decimal 170)
   defining Unicode char U+00AC (decimal 172)
   defining Unicode char U+00AE (decimal 174)
   defining Unicode char U+00AF (decimal 175)
   defining Unicode char U+00B0 (decimal 176)
   defining Unicode char U+00B1 (decimal 177)
   defining Unicode char U+00B2 (decimal 178)
   defining Unicode char U+00B3 (decimal 179)
   defining Unicode char U+00B4 (decimal 180)
   defining Unicode char U+00B5 (decimal 181)
   defining Unicode char U+00B6 (decimal 182)
   defining Unicode char U+00B7 (decimal 183)
   defining Unicode char U+00B9 (decimal 185)
   defining Unicode char U+00BA (decimal 186)
   defining Unicode char U+00BC (decimal 188)
   defining Unicode char U+00BD (decimal 189)
   defining Unicode char U+00BE (decimal 190)
   defining Unicode char U+00D7 (decimal 215)
   defining Unicode char U+00F7 (decimal 247)
   defining Unicode char U+0192 (decimal 402)
   defining Unicode char U+02C7 (decimal 711)
   defining Unicode char U+02D8 (decimal 728)
   defining Unicode char U+02DD (decimal 733)
   defining Unicode char U+0E3F (decimal 3647)
   defining Unicode char U+2016 (decimal 8214)
   defining Unicode char U+2020 (decimal 8224)
   defining Unicode char U+2021 (decimal 8225)
   defining Unicode char U+2022 (decimal 8226)
   defining Unicode char U+2030 (decimal 8240)
   defining Unicode char U+2031 (decimal 8241)
   defining Unicode char U+203B (decimal 8251)
   defining Unicode char U+203D (decimal 8253)
   defining Unicode char U+2044 (decimal 8260)
   defining Unicode char U+204E (decimal 8270)
   defining Unicode char U+2052 (decimal 8274)
   defining Unicode char U+20A1 (decimal 8353)
   defining Unicode char U+20A4 (decimal 8356)
   defining Unicode char U+20A6 (decimal 8358)
   defining Unicode char U+20A9 (decimal 8361)
   defining Unicode char U+20AB (decimal 8363)
   defining Unicode char U+20AC (decimal 8364)
   defining Unicode char U+20B1 (decimal 8369)
   defining Unicode char U+2103 (decimal 8451)
   defining Unicode char U+2116 (decimal 8470)
   defining Unicode char U+2117 (decimal 8471)
   defining Unicode char U+211E (decimal 8478)
   defining Unicode char U+2120 (decimal 8480)
   defining Unicode char U+2122 (decimal 8482)
   defining Unicode char U+2126 (decimal 8486)
   defining Unicode char U+2127 (decimal 8487)
   defining Unicode char U+212E (decimal 8494)
   defining Unicode char U+2190 (decimal 8592)
   defining Unicode char U+2191 (decimal 8593)
   defining Unicode char U+2192 (decimal 8594)
   defining Unicode char U+2193 (decimal 8595)
   defining Unicode char U+2329 (decimal 9001)
   defining Unicode char U+232A (decimal 9002)
   defining Unicode char U+2422 (decimal 9250)
   defining Unicode char U+25E6 (decimal 9702)
   defining Unicode char U+25EF (decimal 9711)
   defining Unicode char U+266A (decimal 9834)
   defining Unicode char U+FEFF (decimal 65279)
))) (./svjour3.cls
Document Class: svjour3 2007/05/08 v3.2 
LaTeX document class for Springer journals
(/usr/local/texlive/2018/texmf-dist/tex/latex/base/fleqn.clo
File: fleqn.clo 2016/12/29 v1.2a Standard LaTeX option (flush left equations)
\mathindent=\dimen111
Applying: [2015/01/01] Make \[ robust on input line 50.
LaTeX Info: Redefining \[ on input line 51.
Already applied: [0000/00/00] Make \[ robust on input line 62.
Applying: [2015/01/01] Make \] robust on input line 74.
LaTeX Info: Redefining \] on input line 75.
Already applied: [0000/00/00] Make \] robust on input line 83.
)
Class Springer-SVJour3 Info: extra/valid Springer sub-package (-> *.clo) 
(Springer-SVJour3)           not found in option list of \documentclass
(Springer-SVJour3)           - autoactivating "global" style.
 (./svglov3.clo
File: svglov3.clo 2009/12/18 v3.2 style option for standardised journals

SVJour Class option: svglov3.clo for standardised journals
)
LaTeX Font Info:    Redeclaring math symbol \Gamma on input line 147.
LaTeX Font Info:    Redeclaring math symbol \Delta on input line 148.
LaTeX Font Info:    Redeclaring math symbol \Theta on input line 149.
LaTeX Font Info:    Redeclaring math symbol \Lambda on input line 150.
LaTeX Font Info:    Redeclaring math symbol \Xi on input line 151.
LaTeX Font Info:    Redeclaring math symbol \Pi on input line 152.
LaTeX Font Info:    Redeclaring math symbol \Sigma on input line 153.
LaTeX Font Info:    Redeclaring math symbol \Upsilon on input line 154.
LaTeX Font Info:    Redeclaring math symbol \Phi on input line 155.
LaTeX Font Info:    Redeclaring math symbol \Psi on input line 156.
LaTeX Font Info:    Redeclaring math symbol \Omega on input line 157.
\logodepth=\dimen112
\headerboxheight=\dimen113
\betweenumberspace=\dimen114
\aftertext=\dimen115
\headlineindent=\dimen116
\c@inst=\count92
\c@auth=\count93
\instindent=\dimen117
\authrun=\box28
\authorrunning=\toks19
\titrun=\box29
\titlerunning=\toks20
\combirun=\box30
\c@lastpage=\count94
\rubricwidth=\dimen118
\c@section=\count95
\c@subsection=\count96
\c@subsubsection=\count97
\c@paragraph=\count98
\c@subparagraph=\count99
\spthmsep=\dimen119
\c@theorem=\count100
\c@case=\count101
\c@conjecture=\count102
\c@corollary=\count103
\c@definition=\count104
\c@example=\count105
\c@exercise=\count106
\c@lemma=\count107
\c@note=\count108
\c@problem=\count109
\c@property=\count110
\c@proposition=\count111
\c@question=\count112
\c@solution=\count113
\c@remark=\count114
\c@figure=\count115
\c@table=\count116
\abovecaptionskip=\skip44
\belowcaptionskip=\skip45
\figcapgap=\dimen120
\tabcapgap=\dimen121
\figgap=\dimen122
\bibindent=\dimen123
\@tempcntc=\count117
) (/usr/local/texlive/2018/texmf-dist/tex/latex/graphics/graphicx.sty
Package: graphicx 2017/06/01 v1.1a Enhanced LaTeX Graphics (DPC,SPQR)

(/usr/local/texlive/2018/texmf-dist/tex/latex/graphics/keyval.sty
Package: keyval 2014/10/28 v1.15 key=value parser (DPC)
\KV@toks@=\toks21
)
(/usr/local/texlive/2018/texmf-dist/tex/latex/graphics/graphics.sty
Package: graphics 2017/06/25 v1.2c Standard LaTeX Graphics (DPC,SPQR)

(/usr/local/texlive/2018/texmf-dist/tex/latex/graphics/trig.sty
Package: trig 2016/01/03 v1.10 sin cos tan (DPC)
)
(/usr/local/texlive/2018/texmf-dist/tex/latex/graphics-cfg/graphics.cfg
File: graphics.cfg 2016/06/04 v1.11 sample graphics configuration
)
Package graphics Info: Driver file: pdftex.def on input line 99.

(/usr/local/texlive/2018/texmf-dist/tex/latex/graphics-def/pdftex.def
File: pdftex.def 2018/01/08 v1.0l Graphics/color driver for pdftex
))
\Gin@req@height=\dimen124
\Gin@req@width=\dimen125
)
(/usr/local/texlive/2018/texmf-dist/tex/latex/amsfonts/amssymb.sty
Package: amssymb 2013/01/14 v3.01 AMS font symbols

(/usr/local/texlive/2018/texmf-dist/tex/latex/amsfonts/amsfonts.sty
Package: amsfonts 2013/01/14 v3.01 Basic AMSFonts support
\symAMSa=\mathgroup4
\symAMSb=\mathgroup5
LaTeX Font Info:    Overwriting math alphabet `\mathfrak' in version `bold'
(Font)                  U/euf/m/n --> U/euf/b/n on input line 106.
))
(/usr/local/texlive/2018/texmf-dist/tex/latex/tabu/tabu.sty
Package: tabu 2011/02/26 v2.8 - flexible LaTeX tabulars (FC)

(/usr/local/texlive/2018/texmf-dist/tex/latex/tools/array.sty
Package: array 2018/04/30 v2.4h Tabular extension package (FMi)
\col@sep=\dimen126
\ar@mcellbox=\box31
\extrarowheight=\dimen127
\NC@list=\toks22
\extratabsurround=\skip46
\backup@length=\skip47
\ar@cellbox=\box32
)
(/usr/local/texlive/2018/texmf-dist/tex/latex/varwidth/varwidth.sty
Package: varwidth 2009/03/30 ver 0.92;  Variable-width minipages
\@vwid@box=\box33
\sift@deathcycles=\count118
\@vwid@loff=\dimen128
\@vwid@roff=\dimen129
)
\c@taburow=\count119
\tabu@nbcols=\count120
\tabu@cnt=\count121
\tabu@Xcol=\count122
\tabu@alloc=\count123
\tabu@nested=\count124
\tabu@target=\dimen130
\tabu@spreadtarget=\dimen131
\tabu@naturalX=\dimen132
\tabucolX=\dimen133
\tabu@Xsum=\dimen134
\extrarowdepth=\dimen135
\abovetabulinesep=\dimen136
\belowtabulinesep=\dimen137
\tabustrutrule=\dimen138
\tabu@thebody=\toks23
\tabu@footnotes=\toks24
\tabu@box=\box34
\tabu@arstrutbox=\box35
\tabu@hleads=\box36
\tabu@vleads=\box37
\tabu@cellskip=\skip48
)
(/usr/local/texlive/2018/texmf-dist/tex/latex/cancel/cancel.sty
Package: cancel 2013/04/12 v2.2 Cancel math terms
)
(/usr/local/texlive/2018/texmf-dist/tex/latex/algorithms/algorithm.sty
Package: algorithm 2009/08/24 v0.1 Document Style `algorithm' - floating enviro
nment

(/usr/local/texlive/2018/texmf-dist/tex/latex/float/float.sty
Package: float 2001/11/08 v1.3d Float enhancements (AL)
\c@float@type=\count125
\float@exts=\toks25
\float@box=\box38
\@float@everytoks=\toks26
\@floatcapt=\box39
)
(/usr/local/texlive/2018/texmf-dist/tex/latex/base/ifthen.sty
Package: ifthen 2014/09/29 v1.1c Standard LaTeX ifthen package (DPC)
)
\@float@every@algorithm=\toks27
\c@algorithm=\count126
)
(/usr/local/texlive/2018/texmf-dist/tex/latex/algorithmicx/algorithmicx.sty
Package: algorithmicx 2005/04/27 v1.2 Algorithmicx

Document Style algorithmicx 1.2 - a greatly improved `algorithmic' style
\c@ALG@line=\count127
\c@ALG@rem=\count128
\c@ALG@nested=\count129
\ALG@tlm=\skip49
\ALG@thistlm=\skip50
\c@ALG@Lnr=\count130
\c@ALG@blocknr=\count131
\c@ALG@storecount=\count132
\c@ALG@tmpcounter=\count133
\ALG@tmplength=\skip51
) (/usr/local/texlive/2018/texmf-dist/tex/latex/algorithmicx/algpseudocode.sty
Package: algpseudocode 

Document Style - pseudocode environments for use with the `algorithmicx' style
) (/usr/local/texlive/2018/texmf-dist/tex/latex/caption/subcaption.sty
Package: subcaption 2018/05/01 v1.1-162 Sub-captions (AR)

(/usr/local/texlive/2018/texmf-dist/tex/latex/caption/caption.sty
Package: caption 2018/05/01 v3.3-147 Customizing captions (AR)

(/usr/local/texlive/2018/texmf-dist/tex/latex/caption/caption3.sty
Package: caption3 2018/05/27 v1.8a caption3 kernel (AR)
Package caption3 Info: TeX engine: e-TeX on input line 64.
\captionmargin=\dimen139
\captionmargin@=\dimen140
\captionwidth=\dimen141
\caption@tempdima=\dimen142
\caption@indent=\dimen143
\caption@parindent=\dimen144
\caption@hangindent=\dimen145
Package caption Info: Unknown document class (or package),
(caption)             standard defaults will be used.
)

Package caption Warning: Unsupported document class (or package) detected,
(caption)                usage of the caption package is not recommended.
See the caption package documentation for explanation.

Package caption Info: \@makecaption = \long macro:#1#2->\captionstyle \ifx \@ca
ptype \fig@type \vskip \figcapgap \fi \setbox \@tempboxa \hbox {{\floatlegendst
yle #1\floatcounterend }\capstrut #2}\ifdim \wd \@tempboxa >\hsize {\floatlegen
dstyle #1\floatcounterend }\capstrut #2\par \else \hbox to\hsize {\leftlegendgl
ue \unhbox \@tempboxa \hfil }\fi \ifx \@captype \fig@type \else \vskip \tabcapg
ap \fi .
\c@ContinuedFloat=\count134
Package caption Info: float package is loaded.
)
\c@subfigure=\count135
\c@subtable=\count136
) (/usr/local/texlive/2018/texmf-dist/tex/latex/booktabs/booktabs.sty
Package: booktabs 2016/04/27 v1.618033 publication quality tables
\heavyrulewidth=\dimen146
\lightrulewidth=\dimen147
\cmidrulewidth=\dimen148
\belowrulesep=\dimen149
\belowbottomsep=\dimen150
\aboverulesep=\dimen151
\abovetopsep=\dimen152
\cmidrulesep=\dimen153
\cmidrulekern=\dimen154
\defaultaddspace=\dimen155
\@cmidla=\count137
\@cmidlb=\count138
\@aboverulesep=\dimen156
\@belowrulesep=\dimen157
\@thisruleclass=\count139
\@lastruleclass=\count140
\@thisrulewidth=\dimen158
)
(/usr/local/texlive/2018/texmf-dist/tex/latex/mathtools/mathtools.sty
Package: mathtools 2018/01/08 v1.21 mathematical typesetting tools

(/usr/local/texlive/2018/texmf-dist/tex/latex/tools/calc.sty
Package: calc 2017/05/25 v4.3 Infix arithmetic (KKT,FJ)
\calc@Acount=\count141
\calc@Bcount=\count142
\calc@Adimen=\dimen159
\calc@Bdimen=\dimen160
\calc@Askip=\skip52
\calc@Bskip=\skip53
LaTeX Info: Redefining \setlength on input line 80.
LaTeX Info: Redefining \addtolength on input line 81.
\calc@Ccount=\count143
\calc@Cskip=\skip54
)
(/usr/local/texlive/2018/texmf-dist/tex/latex/mathtools/mhsetup.sty
Package: mhsetup 2017/03/31 v1.3 programming setup (MH)
)
LaTeX Info: Thecontrolsequence`\('isalreadyrobust on input line 129.
LaTeX Info: Thecontrolsequence`\)'isalreadyrobust on input line 129.
LaTeX Info: Thecontrolsequence`\['isalreadyrobust on input line 129.
LaTeX Info: Thecontrolsequence`\]'isalreadyrobust on input line 129.
\g_MT_multlinerow_int=\count144
\l_MT_multwidth_dim=\dimen161
\origjot=\skip55
\l_MT_shortvdotswithinadjustabove_dim=\dimen162
\l_MT_shortvdotswithinadjustbelow_dim=\dimen163
\l_MT_above_intertext_sep=\dimen164
\l_MT_below_intertext_sep=\dimen165
\l_MT_above_shortintertext_sep=\dimen166
\l_MT_below_shortintertext_sep=\dimen167
)
(/usr/local/texlive/2018/texmf-dist/tex/latex/xcolor/xcolor.sty
Package: xcolor 2016/05/11 v2.12 LaTeX color extensions (UK)

(/usr/local/texlive/2018/texmf-dist/tex/latex/graphics-cfg/color.cfg
File: color.cfg 2016/01/02 v1.6 sample color configuration
)
Package xcolor Info: Driver file: pdftex.def on input line 225.
Package xcolor Info: Model `cmy' substituted by `cmy0' on input line 1348.
Package xcolor Info: Model `hsb' substituted by `rgb' on input line 1352.
Package xcolor Info: Model `RGB' extended on input line 1364.
Package xcolor Info: Model `HTML' substituted by `rgb' on input line 1366.
Package xcolor Info: Model `Hsb' substituted by `hsb' on input line 1367.
Package xcolor Info: Model `tHsb' substituted by `hsb' on input line 1368.
Package xcolor Info: Model `HSB' substituted by `hsb' on input line 1369.
Package xcolor Info: Model `Gray' substituted by `gray' on input line 1370.
Package xcolor Info: Model `wave' substituted by `hsb' on input line 1371.

(/usr/local/texlive/2018/texmf-dist/tex/latex/graphics/dvipsnam.def
File: dvipsnam.def 2016/06/17 v3.0m Driver-dependent file (DPC,SPQR)
))
(/usr/local/texlive/2018/texmf-dist/tex/latex/url/url.sty
\Urlmuskip=\muskip11
Package: url 2013/09/16  ver 3.4  Verb mode for urls, etc.
)
\c@prop=\count145

(./BayesianCubaturePaper2018.aux

LaTeX Warning: Label `LoopStart' multiply defined.

)
\openout1 = `BayesianCubaturePaper2018.aux'.

LaTeX Font Info:    Checking defaults for OML/cmm/m/it on input line 207.
LaTeX Font Info:    ... okay on input line 207.
LaTeX Font Info:    Checking defaults for T1/cmr/m/n on input line 207.
LaTeX Font Info:    ... okay on input line 207.
LaTeX Font Info:    Checking defaults for OT1/cmr/m/n on input line 207.
LaTeX Font Info:    ... okay on input line 207.
LaTeX Font Info:    Checking defaults for OMS/cmsy/m/n on input line 207.
LaTeX Font Info:    ... okay on input line 207.
LaTeX Font Info:    Checking defaults for OMX/cmex/m/n on input line 207.
LaTeX Font Info:    ... okay on input line 207.
LaTeX Font Info:    Checking defaults for U/cmr/m/n on input line 207.
LaTeX Font Info:    ... okay on input line 207.
LaTeX Font Info:    Checking defaults for TS1/cmr/m/n on input line 207.
LaTeX Font Info:    ... okay on input line 207.
 (/usr/local/texlive/2018/texmf-dist/tex/context/base/mkii/supp-pdf.mkii
[Loading MPS to PDF converter (version 2006.09.02).]
\scratchcounter=\count146
\scratchdimen=\dimen168
\scratchbox=\box40
\nofMPsegments=\count147
\nofMParguments=\count148
\everyMPshowfont=\toks28
\MPscratchCnt=\count149
\MPscratchDim=\dimen169
\MPnumerator=\count150
\makeMPintoPDFobject=\count151
\everyMPtoPDFconversion=\toks29
) (/usr/local/texlive/2018/texmf-dist/tex/latex/oberdiek/epstopdf-base.sty
Package: epstopdf-base 2016/05/15 v2.6 Base part for package epstopdf

(/usr/local/texlive/2018/texmf-dist/tex/generic/oberdiek/infwarerr.sty
Package: infwarerr 2016/05/16 v1.4 Providing info/warning/error messages (HO)
)
(/usr/local/texlive/2018/texmf-dist/tex/latex/oberdiek/grfext.sty
Package: grfext 2016/05/16 v1.2 Manage graphics extensions (HO)

(/usr/local/texlive/2018/texmf-dist/tex/generic/oberdiek/kvdefinekeys.sty
Package: kvdefinekeys 2016/05/16 v1.4 Define keys (HO)

(/usr/local/texlive/2018/texmf-dist/tex/generic/oberdiek/ltxcmds.sty
Package: ltxcmds 2016/05/16 v1.23 LaTeX kernel commands for general use (HO)
)))
(/usr/local/texlive/2018/texmf-dist/tex/latex/oberdiek/kvoptions.sty
Package: kvoptions 2016/05/16 v3.12 Key value format for package options (HO)

(/usr/local/texlive/2018/texmf-dist/tex/generic/oberdiek/kvsetkeys.sty
Package: kvsetkeys 2016/05/16 v1.17 Key value parser (HO)

(/usr/local/texlive/2018/texmf-dist/tex/generic/oberdiek/etexcmds.sty
Package: etexcmds 2016/05/16 v1.6 Avoid name clashes with e-TeX commands (HO)

(/usr/local/texlive/2018/texmf-dist/tex/generic/oberdiek/ifluatex.sty
Package: ifluatex 2016/05/16 v1.4 Provides the ifluatex switch (HO)
Package ifluatex Info: LuaTeX not detected.
)
Package etexcmds Info: Could not find \expanded.
(etexcmds)             That can mean that you are not using pdfTeX 1.50 or
(etexcmds)             that some package has redefined \expanded.
(etexcmds)             In the latter case, load this package earlier.
)))
(/usr/local/texlive/2018/texmf-dist/tex/generic/oberdiek/pdftexcmds.sty
Package: pdftexcmds 2018/01/30 v0.27 Utility functions of pdfTeX for LuaTeX (HO
)

(/usr/local/texlive/2018/texmf-dist/tex/generic/oberdiek/ifpdf.sty
Package: ifpdf 2017/03/15 v3.2 Provides the ifpdf switch
)
Package pdftexcmds Info: LuaTeX not detected.
Package pdftexcmds Info: \pdf@primitive is available.
Package pdftexcmds Info: \pdf@ifprimitive is available.
Package pdftexcmds Info: \pdfdraftmode found.
)
Package epstopdf-base Info: Redefining graphics rule for `.eps' on input line 4
38.
Package grfext Info: Graphics extension search list:
(grfext)             [.pdf,.png,.jpg,.mps,.jpeg,.jbig2,.jb2,.PDF,.PNG,.JPG,.JPE
G,.JBIG2,.JB2,.eps]
(grfext)             \AppendGraphicsExtensions on input line 456.

(/usr/local/texlive/2018/texmf-dist/tex/latex/latexconfig/epstopdf-sys.cfg
File: epstopdf-sys.cfg 2010/07/13 v1.3 Configuration of (r)epstopdf for TeX Liv
e
))
Package caption Info: Begin \AtBeginDocument code.
Package caption Info: Incompatible package detected (regarding \@caption).
(caption)             \@caption = \long macro:#1[#2]#3->\par \addcontentsline {
\csname ext@#1\endcsname }{#1}{\protect \numberline {\csname the#1\endcsname }{
\ignorespaces #2}}\begingroup \@parboxrestore \@makecaption {\csname fnum@#1\en
dcsname }{\ignorespaces #3}\par \endgroup .


Package caption Warning: Forced redefinition of \caption since the
(caption)                unsupported(!) package option `compatibility=false'
(caption)                was given.
See the caption package documentation for explanation.

Package caption Info: End \AtBeginDocument code.
LaTeX Font Info:    Try loading font information for U+msa on input line 250.
(/usr/local/texlive/2018/texmf-dist/tex/latex/amsfonts/umsa.fd
File: umsa.fd 2013/01/14 v3.01 AMS symbols A
)
LaTeX Font Info:    Try loading font information for U+msb on input line 250.

(/usr/local/texlive/2018/texmf-dist/tex/latex/amsfonts/umsb.fd
File: umsb.fd 2013/01/14 v3.01 AMS symbols B
)
LaTeX Font Info:    Calculating math sizes for size <8.5> on input line 250.

Underfull \vbox (badness 1430) has occurred while \output is active []

 [1{/usr/local/texlive/2018/texmf-var/fonts/map/pdftex/updmap/pdftex.map}


]
Underfull \vbox (badness 10000) has occurred while \output is active []


Overfull \hbox (1.66052pt too wide) detected at line 314
 []$[]  \OT1/cmss/m/n/10 C[] \OT1/cmr/m/n/10 = \OT1/cmss/m/n/10 C\OML/cmm/m/it/
10 ;  [][]\OT1/cmss/m/n/10 C[] \OML/cmm/m/it/10 > \OT1/cmr/m/n/10 0\OML/cmm/m/i
t/10 ;  []\OT1/cmss/m/n/10 C \OT1/cmr/m/n/10 = [][] \OML/cmm/m/it/10 ;$ 
 []


Underfull \vbox (badness 1122) has occurred while \output is active []

 [2]
Underfull \vbox (badness 8151) has occurred while \output is active []


Underfull \vbox (badness 4403) has occurred while \output is active []

 [3]
Underfull \vbox (badness 10000) has occurred while \output is active []


Underfull \vbox (badness 10000) has occurred while \output is active []

 [4]
Underfull \vbox (badness 10000) has occurred while \output is active []

<./figures/GenzFunc_varTx_none.png, id=34, 421.575pt x 316.0608pt>
File: ./figures/GenzFunc_varTx_none.png Graphic file (type png)
<use ./figures/GenzFunc_varTx_none.png>
Package pdftex.def Info: ./figures/GenzFunc_varTx_none.png  used on input line 
693.
(pdftex.def)             Requested size: 126.17264pt x 94.5923pt.

Overfull \hbox (11.47087pt too wide) in paragraph at lines 693--694
[][] 
 []


Underfull \vbox (badness 10000) has occurred while \output is active []

 [5]
<./figures/MVN_guaranteed_time_Matern_d2_2018-Aug-31.png, id=43, 650.43pt x 361
.35pt>
File: ./figures/MVN_guaranteed_time_Matern_d2_2018-Aug-31.png Graphic file (typ
e png)
<use ./figures/MVN_guaranteed_time_Matern_d2_2018-Aug-31.png>
Package pdftex.def Info: ./figures/MVN_guaranteed_time_Matern_d2_2018-Aug-31.pn
g  used on input line 721.
(pdftex.def)             Requested size: 227.01523pt x 126.116pt.
<./figures/MVN_rapid_n_vs_time_Matern_d2_2018-Aug-31.png, id=44, 650.43pt x 361
.35pt>
File: ./figures/MVN_rapid_n_vs_time_Matern_d2_2018-Aug-31.png Graphic file (typ
e png)
<use ./figures/MVN_rapid_n_vs_time_Matern_d2_2018-Aug-31.png>
Package pdftex.def Info: ./figures/MVN_rapid_n_vs_time_Matern_d2_2018-Aug-31.pn
g  used on input line 723.
(pdftex.def)             Requested size: 227.01523pt x 126.116pt.

Overfull \hbox (2.39734pt too wide) in paragraph at lines 762--763
[]\OT1/cmr/m/n/10 Under as-sump-tions [] the eigen-val-ues may be iden-
 []


Underfull \vbox (badness 10000) has occurred while \output is active []

 [6 <./figures/GenzFunc_varTx_none.png (PNG copy)> <./figures/MVN_guaranteed_ti
me_Matern_d2_2018-Aug-31.png (PNG copy)> <./figures/MVN_rapid_n_vs_time_Matern_
d2_2018-Aug-31.png (PNG copy)>]
Underfull \vbox (badness 10000) has occurred while \output is active []

 [7]
Package epstopdf Info: Source file: <./figures/ShiftedLatticePoints.eps>
(epstopdf)                    date: 2018-09-23 22:52:55
(epstopdf)                    size: 75110 bytes
(epstopdf)             Output file: <./figures/ShiftedLatticePoints-eps-convert
ed-to.pdf>
(epstopdf)                    date: 2018-09-23 22:53:21
(epstopdf)                    size: 30491 bytes
(epstopdf)             Command: <repstopdf --outfile=./figures/ShiftedLatticePo
ints-eps-converted-to.pdf ./figures/ShiftedLatticePoints.eps>
(epstopdf)             \includegraphics on input line 972.
Package epstopdf Info: Output file is already uptodate.
<./figures/ShiftedLatticePoints-eps-converted-to.pdf, id=54, 393.47pt x 412.541
24pt>
File: ./figures/ShiftedLatticePoints-eps-converted-to.pdf Graphic file (type pd
f)
<use ./figures/ShiftedLatticePoints-eps-converted-to.pdf>
Package pdftex.def Info: ./figures/ShiftedLatticePoints-eps-converted-to.pdf  u
sed on input line 972.
(pdftex.def)             Requested size: 135.68724pt x 142.26378pt.

[8 <./figures/ShiftedLatticePoints-eps-converted-to.pdf>]
<"figures/fourier_kernel dim_1".png, id=60, 469.755pt x 397.485pt>
File: "figures/fourier_kernel dim_1".png Graphic file (type png)
<use "figures/fourier_kernel dim_1".png>
Package pdftex.def Info: "figures/fourier_kernel dim_1".png  used on input line
 998.
(pdftex.def)             Requested size: 215.06628pt x 181.978pt.

Overfull \hbox (0.37743pt too wide) in paragraph at lines 1014--1017
\OT1/cmr/m/n/10 Assumption [] fol-lows au-to-mat-i-cally. Now, note that
 []

[9 <./figures/fourier_kernel dim_1.png (PNG copy)>]
Underfull \vbox (badness 10000) has occurred while \output is active []

 [10]
Underfull \hbox (badness 2173) in paragraph at lines 1173--1180
[]\OT1/cmr/m/n/8.5 a gen-er-a-tor for the rank-1 Lat-tice se-quence
 []


Overfull \hbox (1.89734pt too wide) in paragraph at lines 1212--1213
[]\OT1/cmr/m/n/10 Suppose that the orig-i-nal in-te-gral has been ex-pressed
 []


Overfull \hbox (0.56961pt too wide) in paragraph at lines 1230--1234
\OT1/cmr/m/n/10 If $\OML/cmm/m/it/10 	$ \OT1/cmr/m/n/10 is suf-fi-ciently smoot
h, $[][] \OML/cmm/m/it/10 x[]	[]\OT1/cmr/m/n/10 (\OML/cmm/m/it/10 x\OT1/cmr/m/n
/10 ) = [][](\OML/cmm/m/it/10 x \OMS/cmsy/m/n/10 ^^@
 []

[11]
<./figures/"MVN_guaranteed_time_MLE_C2sin_d2_r2_2018-Sep-6".png, id=70, 650.43p
t x 361.35pt>
File: ./figures/"MVN_guaranteed_time_MLE_C2sin_d2_r2_2018-Sep-6".png Graphic fi
le (type png)
<use ./figures/"MVN_guaranteed_time_MLE_C2sin_d2_r2_2018-Sep-6".png>
Package pdftex.def Info: ./figures/"MVN_guaranteed_time_MLE_C2sin_d2_r2_2018-Se
p-6".png  used on input line 1269.
(pdftex.def)             Requested size: 234.18385pt x 130.10243pt.
<./figures/"MVN_guaranteed_time_full_C2sin_d2_r2_2018-Sep-6".png, id=71, 650.43
pt x 361.35pt>
File: ./figures/"MVN_guaranteed_time_full_C2sin_d2_r2_2018-Sep-6".png Graphic f
ile (type png)
<use ./figures/"MVN_guaranteed_time_full_C2sin_d2_r2_2018-Sep-6".png>
Package pdftex.def Info: ./figures/"MVN_guaranteed_time_full_C2sin_d2_r2_2018-S
ep-6".png  used on input line 1273.
(pdftex.def)             Requested size: 234.18385pt x 130.10243pt.
<./figures/"MVN_guaranteed_time_GCV_C2sin_d2_r2_2018-Sep-6".png, id=72, 650.43p
t x 361.35pt>
File: ./figures/"MVN_guaranteed_time_GCV_C2sin_d2_r2_2018-Sep-6".png Graphic fi
le (type png)
<use ./figures/"MVN_guaranteed_time_GCV_C2sin_d2_r2_2018-Sep-6".png>
Package pdftex.def Info: ./figures/"MVN_guaranteed_time_GCV_C2sin_d2_r2_2018-Se
p-6".png  used on input line 1277.
(pdftex.def)             Requested size: 234.18385pt x 130.10243pt.

Overfull \hbox (3.34674pt too wide) in paragraph at lines 1284--1285
 \OT1/cmr/m/it/10 Keis-ter's Ex-am-ple. [] \OT1/cmr/m/n/10 This mul-ti-di-men-s
ional in-te-gral func-
 []

[12 <./figures/MVN_guaranteed_time_MLE_C2sin_d2_r2_2018-Sep-6.png (PNG copy)> <
./figures/MVN_guaranteed_time_full_C2sin_d2_r2_2018-Sep-6.png (PNG copy)> <./fi
gures/MVN_guaranteed_time_GCV_C2sin_d2_r2_2018-Sep-6.png (PNG copy)>]
<./figures/"Keister_guaranteed_time_MLE_C1sin_d4_r2_2018-Sep-6".png, id=76, 650
.43pt x 361.35pt>
File: ./figures/"Keister_guaranteed_time_MLE_C1sin_d4_r2_2018-Sep-6".png Graphi
c file (type png)
<use ./figures/"Keister_guaranteed_time_MLE_C1sin_d4_r2_2018-Sep-6".png>
Package pdftex.def Info: ./figures/"Keister_guaranteed_time_MLE_C1sin_d4_r2_201
8-Sep-6".png  used on input line 1319.
(pdftex.def)             Requested size: 227.01523pt x 126.116pt.
<./figures/"Keister_guaranteed_time_full_C1sin_d4_r2_2018-Sep-6".png, id=77, 65
0.43pt x 361.35pt>
File: ./figures/"Keister_guaranteed_time_full_C1sin_d4_r2_2018-Sep-6".png Graph
ic file (type png)
<use ./figures/"Keister_guaranteed_time_full_C1sin_d4_r2_2018-Sep-6".png>
Package pdftex.def Info: ./figures/"Keister_guaranteed_time_full_C1sin_d4_r2_20
18-Sep-6".png  used on input line 1325.
(pdftex.def)             Requested size: 227.01523pt x 126.116pt.
<./figures/"Keister_guaranteed_time_GCV_C1sin_d4_r2_2018-Sep-6".png, id=78, 650
.43pt x 361.35pt>
File: ./figures/"Keister_guaranteed_time_GCV_C1sin_d4_r2_2018-Sep-6".png Graphi
c file (type png)
<use ./figures/"Keister_guaranteed_time_GCV_C1sin_d4_r2_2018-Sep-6".png>
Package pdftex.def Info: ./figures/"Keister_guaranteed_time_GCV_C1sin_d4_r2_201
8-Sep-6".png  used on input line 1331.
(pdftex.def)             Requested size: 227.01523pt x 126.116pt.
<./figures/"optPrice_guaranteed_time_MLE_Baker_d12_r1_2018-Sep-6".png, id=79, 6
50.43pt x 361.35pt>
File: ./figures/"optPrice_guaranteed_time_MLE_Baker_d12_r1_2018-Sep-6".png Grap
hic file (type png)
<use ./figures/"optPrice_guaranteed_time_MLE_Baker_d12_r1_2018-Sep-6".png>
Package pdftex.def Info: ./figures/"optPrice_guaranteed_time_MLE_Baker_d12_r1_2
018-Sep-6".png  used on input line 1371.
(pdftex.def)             Requested size: 227.01523pt x 126.116pt.
<./figures/"optPrice_guaranteed_time_full_Baker_d12_r1_2018-Sep-6".png, id=80, 
650.43pt x 361.35pt>
File: ./figures/"optPrice_guaranteed_time_full_Baker_d12_r1_2018-Sep-6".png Gra
phic file (type png)
<use ./figures/"optPrice_guaranteed_time_full_Baker_d12_r1_2018-Sep-6".png>
Package pdftex.def Info: ./figures/"optPrice_guaranteed_time_full_Baker_d12_r1_
2018-Sep-6".png  used on input line 1377.
(pdftex.def)             Requested size: 227.01523pt x 126.116pt.
<./figures/"optPrice_guaranteed_time_GCV_Baker_d12_r1_2018-Sep-6".png, id=81, 6
50.43pt x 361.35pt>
File: ./figures/"optPrice_guaranteed_time_GCV_Baker_d12_r1_2018-Sep-6".png Grap
hic file (type png)
<use ./figures/"optPrice_guaranteed_time_GCV_Baker_d12_r1_2018-Sep-6".png>
Package pdftex.def Info: ./figures/"optPrice_guaranteed_time_GCV_Baker_d12_r1_2
018-Sep-6".png  used on input line 1383.
(pdftex.def)             Requested size: 227.01523pt x 126.116pt.
 [13 <./figures/Keister_guaranteed_time_MLE_C1sin_d4_r2_2018-Sep-6.png (PNG cop
y)> <./figures/Keister_guaranteed_time_full_C1sin_d4_r2_2018-Sep-6.png (PNG cop
y)> <./figures/Keister_guaranteed_time_GCV_C1sin_d4_r2_2018-Sep-6.png (PNG copy
)>]
Underfull \vbox (badness 10000) has occurred while \output is active []


(./BayesianCubaturePaper2018.bbl
Underfull \hbox (badness 1314) in paragraph at lines 17--23
[]\OT1/cmr/m/n/8.5 Choi, S.C.T., Ding, Y., Hick-er-nell, F.J., Jiang, L.,
 []

[14 <./figures/optPrice_guaranteed_time_MLE_Baker_d12_r1_2018-Sep-6.png (PNG co
py)> <./figures/optPrice_guaranteed_time_full_Baker_d12_r1_2018-Sep-6.png (PNG 
copy)> <./figures/optPrice_guaranteed_time_GCV_Baker_d12_r1_2018-Sep-6.png (PNG
 copy)>]
Underfull \hbox (badness 4072) in paragraph at lines 111--113
[]\OT1/cmr/m/n/8.5 Nuyens, D.: URL $\OT1/cmtt/m/n/8.5 https : / / people . cs .
 kuleuven . be /
 []


Underfull \hbox (badness 10000) in paragraph at lines 111--113
[]\OT1/cmtt/m/n/8.5 dirk . nuyens / qmc-[]generators / genvecs / exod2 _ base2 
_
 []


Underfull \hbox (badness 1688) in paragraph at lines 125--128
[]\OT1/cmr/m/n/8.5 Rasmussen, C.E., Ghahra-mani, Z.: Bayesian Monte
 []


Underfull \hbox (badness 10000) in paragraph at lines 130--133
[]\OT1/cmr/m/n/8.5 Rasmussen, C.E., Williams, C.: Gaus-sian Pro-
 []


Underfull \hbox (badness 2809) in paragraph at lines 130--133
\OT1/cmr/m/n/8.5 cesses for Ma-chine Learn-ing.  MIT Press, Cam-
 []


Underfull \hbox (badness 3029) in paragraph at lines 130--133
\OT1/cmr/m/n/8.5 bridge, Mas-sachusetts (2006).  (on-line ver-sion at
 []


Underfull \hbox (badness 1635) in paragraph at lines 149--152
[]\OT1/cmr/m/n/8.5 Wahba, G.: Spline Mod-els for Ob-ser-va-tional Data,
 []


Underfull \hbox (badness 2213) in paragraph at lines 149--152
\OT1/cmr/m/it/8.5 CBMS-NSF Re-gional Con-fer-ence Se-ries in Ap-plied
 []

) [15] (./BayesianCubaturePaper2018.aux)

LaTeX Warning: There were multiply-defined labels.

 ) 
Here is how much of TeX's memory you used:
 7216 strings out of 492642
 109081 string characters out of 6129384
 203673 words of memory out of 5000000
 10950 multiletter control sequences out of 15000+600000
 19605 words of font info for 72 fonts, out of 8000000 for 9000
 1141 hyphenation exceptions out of 8191
 42i,19n,40p,1008b,417s stack positions out of 5000i,500n,10000p,200000b,80000s
</usr/local/texlive/2018/texmf-dist/fonts/type1/public/amsfonts/cm/cmbsy10.pf
b></usr/local/texlive/2018/texmf-dist/fonts/type1/public/amsfonts/cm/cmbx10.pfb
></usr/local/texlive/2018/texmf-dist/fonts/type1/public/amsfonts/cm/cmbx12.pfb>
</usr/local/texlive/2018/texmf-dist/fonts/type1/public/amsfonts/cm/cmbx8.pfb></
usr/local/texlive/2018/texmf-dist/fonts/type1/public/amsfonts/cm/cmex10.pfb></u
sr/local/texlive/2018/texmf-dist/fonts/type1/public/amsfonts/cmextra/cmex9.pfb>
</usr/local/texlive/2018/texmf-dist/fonts/type1/public/amsfonts/cm/cmmi10.pfb><
/usr/local/texlive/2018/texmf-dist/fonts/type1/public/amsfonts/cm/cmmi5.pfb></u
sr/local/texlive/2018/texmf-dist/fonts/type1/public/amsfonts/cm/cmmi7.pfb></usr
/local/texlive/2018/texmf-dist/fonts/type1/public/amsfonts/cm/cmmi8.pfb></usr/l
ocal/texlive/2018/texmf-dist/fonts/type1/public/amsfonts/cm/cmmib10.pfb></usr/l
ocal/texlive/2018/texmf-dist/fonts/type1/public/amsfonts/cmextra/cmmib7.pfb></u
sr/local/texlive/2018/texmf-dist/fonts/type1/public/amsfonts/cm/cmr10.pfb></usr
/local/texlive/2018/texmf-dist/fonts/type1/public/amsfonts/cm/cmr5.pfb></usr/lo
cal/texlive/2018/texmf-dist/fonts/type1/public/amsfonts/cm/cmr7.pfb></usr/local
/texlive/2018/texmf-dist/fonts/type1/public/amsfonts/cm/cmr8.pfb></usr/local/te
xlive/2018/texmf-dist/fonts/type1/public/amsfonts/cm/cmss10.pfb></usr/local/tex
live/2018/texmf-dist/fonts/type1/public/amsfonts/cm/cmss8.pfb></usr/local/texli
ve/2018/texmf-dist/fonts/type1/public/amsfonts/cm/cmsy10.pfb></usr/local/texliv
e/2018/texmf-dist/fonts/type1/public/amsfonts/cm/cmsy5.pfb></usr/local/texlive/
2018/texmf-dist/fonts/type1/public/amsfonts/cm/cmsy7.pfb></usr/local/texlive/20
18/texmf-dist/fonts/type1/public/amsfonts/cm/cmsy8.pfb></usr/local/texlive/2018
/texmf-dist/fonts/type1/public/amsfonts/cm/cmti10.pfb></usr/local/texlive/2018/
texmf-dist/fonts/type1/public/amsfonts/cm/cmti8.pfb></usr/local/texlive/2018/te
xmf-dist/fonts/type1/public/amsfonts/cm/cmtt10.pfb></usr/local/texlive/2018/tex
mf-dist/fonts/type1/public/amsfonts/cm/cmtt8.pfb></usr/local/texlive/2018/texmf
-dist/fonts/type1/public/amsfonts/symbols/msbm10.pfb></usr/local/texlive/2018/t
exmf-dist/fonts/type1/public/amsfonts/symbols/msbm7.pfb>
Output written on BayesianCubaturePaper2018.pdf (15 pages, 1077765 bytes).
PDF statistics:
 182 PDF objects out of 1000 (max. 8388607)
 121 compressed objects within 2 object streams
 0 named destinations out of 1000 (max. 500000)
 71 words of extra memory for PDF output out of 10000 (max. 10000000)

