This is pdfTeX, Version 3.14159265-2.6-1.40.19 (TeX Live 2018) (preloaded format=pdflatex 2018.5.5)  31 JUL 2018 15:33
entering extended mode
 restricted \write18 enabled.
 %&-line parsing enabled.
**BayesianCubaturePaper2018_verb.tex
(./BayesianCubaturePaper2018_verb.tex
LaTeX2e <2018-04-01> patch level 4
Babel <3.20> and hyphenation patterns for 84 language(s) loaded.
(/usr/local/texlive/2018/texmf-dist/tex/latex/base/fix-cm.sty
Package: fix-cm 2015/01/14 v1.1t fixes to LaTeX

(/usr/local/texlive/2018/texmf-dist/tex/latex/base/ts1enc.def
File: ts1enc.def 2001/06/05 v3.0e (jk/car/fm) Standard LaTeX file
Now handling font encoding TS1 ...
... processing UTF-8 mapping file for font encoding TS1

(/usr/local/texlive/2018/texmf-dist/tex/latex/base/ts1enc.dfu
File: ts1enc.dfu 2018/04/05 v1.2c UTF-8 support for inputenc
   defining Unicode char U+00A2 (decimal 162)
   defining Unicode char U+00A3 (decimal 163)
   defining Unicode char U+00A4 (decimal 164)
   defining Unicode char U+00A5 (decimal 165)
   defining Unicode char U+00A6 (decimal 166)
   defining Unicode char U+00A7 (decimal 167)
   defining Unicode char U+00A8 (decimal 168)
   defining Unicode char U+00A9 (decimal 169)
   defining Unicode char U+00AA (decimal 170)
   defining Unicode char U+00AC (decimal 172)
   defining Unicode char U+00AE (decimal 174)
   defining Unicode char U+00AF (decimal 175)
   defining Unicode char U+00B0 (decimal 176)
   defining Unicode char U+00B1 (decimal 177)
   defining Unicode char U+00B2 (decimal 178)
   defining Unicode char U+00B3 (decimal 179)
   defining Unicode char U+00B4 (decimal 180)
   defining Unicode char U+00B5 (decimal 181)
   defining Unicode char U+00B6 (decimal 182)
   defining Unicode char U+00B7 (decimal 183)
   defining Unicode char U+00B9 (decimal 185)
   defining Unicode char U+00BA (decimal 186)
   defining Unicode char U+00BC (decimal 188)
   defining Unicode char U+00BD (decimal 189)
   defining Unicode char U+00BE (decimal 190)
   defining Unicode char U+00D7 (decimal 215)
   defining Unicode char U+00F7 (decimal 247)
   defining Unicode char U+0192 (decimal 402)
   defining Unicode char U+02C7 (decimal 711)
   defining Unicode char U+02D8 (decimal 728)
   defining Unicode char U+02DD (decimal 733)
   defining Unicode char U+0E3F (decimal 3647)
   defining Unicode char U+2016 (decimal 8214)
   defining Unicode char U+2020 (decimal 8224)
   defining Unicode char U+2021 (decimal 8225)
   defining Unicode char U+2022 (decimal 8226)
   defining Unicode char U+2030 (decimal 8240)
   defining Unicode char U+2031 (decimal 8241)
   defining Unicode char U+203B (decimal 8251)
   defining Unicode char U+203D (decimal 8253)
   defining Unicode char U+2044 (decimal 8260)
   defining Unicode char U+204E (decimal 8270)
   defining Unicode char U+2052 (decimal 8274)
   defining Unicode char U+20A1 (decimal 8353)
   defining Unicode char U+20A4 (decimal 8356)
   defining Unicode char U+20A6 (decimal 8358)
   defining Unicode char U+20A9 (decimal 8361)
   defining Unicode char U+20AB (decimal 8363)
   defining Unicode char U+20AC (decimal 8364)
   defining Unicode char U+20B1 (decimal 8369)
   defining Unicode char U+2103 (decimal 8451)
   defining Unicode char U+2116 (decimal 8470)
   defining Unicode char U+2117 (decimal 8471)
   defining Unicode char U+211E (decimal 8478)
   defining Unicode char U+2120 (decimal 8480)
   defining Unicode char U+2122 (decimal 8482)
   defining Unicode char U+2126 (decimal 8486)
   defining Unicode char U+2127 (decimal 8487)
   defining Unicode char U+212E (decimal 8494)
   defining Unicode char U+2190 (decimal 8592)
   defining Unicode char U+2191 (decimal 8593)
   defining Unicode char U+2192 (decimal 8594)
   defining Unicode char U+2193 (decimal 8595)
   defining Unicode char U+2329 (decimal 9001)
   defining Unicode char U+232A (decimal 9002)
   defining Unicode char U+2422 (decimal 9250)
   defining Unicode char U+25E6 (decimal 9702)
   defining Unicode char U+25EF (decimal 9711)
   defining Unicode char U+266A (decimal 9834)
   defining Unicode char U+FEFF (decimal 65279)
))) (./svjour3.cls
Document Class: svjour3 2007/05/08 v3.2 
LaTeX document class for Springer journals
(/usr/local/texlive/2018/texmf-dist/tex/latex/base/fleqn.clo
File: fleqn.clo 2016/12/29 v1.2a Standard LaTeX option (flush left equations)
\mathindent=\dimen102
Applying: [2015/01/01] Make \[ robust on input line 50.
LaTeX Info: Redefining \[ on input line 51.
Already applied: [0000/00/00] Make \[ robust on input line 62.
Applying: [2015/01/01] Make \] robust on input line 74.
LaTeX Info: Redefining \] on input line 75.
Already applied: [0000/00/00] Make \] robust on input line 83.
)
Class Springer-SVJour3 Info: extra/valid Springer sub-package (-> *.clo) 
(Springer-SVJour3)           not found in option list of \documentclass
(Springer-SVJour3)           - autoactivating "global" style.
 (./svglov3.clo
File: svglov3.clo 2009/12/18 v3.2 style option for standardised journals

SVJour Class option: svglov3.clo for standardised journals
)
LaTeX Font Info:    Redeclaring math symbol \Gamma on input line 147.
LaTeX Font Info:    Redeclaring math symbol \Delta on input line 148.
LaTeX Font Info:    Redeclaring math symbol \Theta on input line 149.
LaTeX Font Info:    Redeclaring math symbol \Lambda on input line 150.
LaTeX Font Info:    Redeclaring math symbol \Xi on input line 151.
LaTeX Font Info:    Redeclaring math symbol \Pi on input line 152.
LaTeX Font Info:    Redeclaring math symbol \Sigma on input line 153.
LaTeX Font Info:    Redeclaring math symbol \Upsilon on input line 154.
LaTeX Font Info:    Redeclaring math symbol \Phi on input line 155.
LaTeX Font Info:    Redeclaring math symbol \Psi on input line 156.
LaTeX Font Info:    Redeclaring math symbol \Omega on input line 157.
\logodepth=\dimen103
\headerboxheight=\dimen104
\betweenumberspace=\dimen105
\aftertext=\dimen106
\headlineindent=\dimen107
\c@inst=\count80
\c@auth=\count81
\instindent=\dimen108
\authrun=\box26
\authorrunning=\toks14
\titrun=\box27
\titlerunning=\toks15
\combirun=\box28
\c@lastpage=\count82
\rubricwidth=\dimen109
\c@section=\count83
\c@subsection=\count84
\c@subsubsection=\count85
\c@paragraph=\count86
\c@subparagraph=\count87
\spthmsep=\dimen110
\c@theorem=\count88
\c@case=\count89
\c@conjecture=\count90
\c@corollary=\count91
\c@definition=\count92
\c@example=\count93
\c@exercise=\count94
\c@lemma=\count95
\c@note=\count96
\c@problem=\count97
\c@property=\count98
\c@proposition=\count99
\c@question=\count100
\c@solution=\count101
\c@remark=\count102
\c@figure=\count103
\c@table=\count104
\abovecaptionskip=\skip41
\belowcaptionskip=\skip42
\figcapgap=\dimen111
\tabcapgap=\dimen112
\figgap=\dimen113
\bibindent=\dimen114
\@tempcntc=\count105
) (/usr/local/texlive/2018/texmf-dist/tex/latex/graphics/graphicx.sty
Package: graphicx 2017/06/01 v1.1a Enhanced LaTeX Graphics (DPC,SPQR)

(/usr/local/texlive/2018/texmf-dist/tex/latex/graphics/keyval.sty
Package: keyval 2014/10/28 v1.15 key=value parser (DPC)
\KV@toks@=\toks16
)
(/usr/local/texlive/2018/texmf-dist/tex/latex/graphics/graphics.sty
Package: graphics 2017/06/25 v1.2c Standard LaTeX Graphics (DPC,SPQR)

(/usr/local/texlive/2018/texmf-dist/tex/latex/graphics/trig.sty
Package: trig 2016/01/03 v1.10 sin cos tan (DPC)
)
(/usr/local/texlive/2018/texmf-dist/tex/latex/graphics-cfg/graphics.cfg
File: graphics.cfg 2016/06/04 v1.11 sample graphics configuration
)
Package graphics Info: Driver file: pdftex.def on input line 99.

(/usr/local/texlive/2018/texmf-dist/tex/latex/graphics-def/pdftex.def
File: pdftex.def 2018/01/08 v1.0l Graphics/color driver for pdftex
))
\Gin@req@height=\dimen115
\Gin@req@width=\dimen116
)
(/usr/local/texlive/2018/texmf-dist/tex/latex/amsmath/amsmath.sty
Package: amsmath 2017/09/02 v2.17a AMS math features
\@mathmargin=\skip43

For additional information on amsmath, use the `?' option.
(/usr/local/texlive/2018/texmf-dist/tex/latex/amsmath/amstext.sty
Package: amstext 2000/06/29 v2.01 AMS text

(/usr/local/texlive/2018/texmf-dist/tex/latex/amsmath/amsgen.sty
File: amsgen.sty 1999/11/30 v2.0 generic functions
\@emptytoks=\toks17
\ex@=\dimen117
))
(/usr/local/texlive/2018/texmf-dist/tex/latex/amsmath/amsbsy.sty
Package: amsbsy 1999/11/29 v1.2d Bold Symbols
\pmbraise@=\dimen118
)
(/usr/local/texlive/2018/texmf-dist/tex/latex/amsmath/amsopn.sty
Package: amsopn 2016/03/08 v2.02 operator names
)
\inf@bad=\count106
LaTeX Info: Redefining \frac on input line 213.
\uproot@=\count107
\leftroot@=\count108
LaTeX Info: Redefining \overline on input line 375.
\classnum@=\count109
\DOTSCASE@=\count110
LaTeX Info: Redefining \ldots on input line 472.
LaTeX Info: Redefining \dots on input line 475.
LaTeX Info: Redefining \cdots on input line 596.
\Mathstrutbox@=\box29
\strutbox@=\box30
\big@size=\dimen119
LaTeX Font Info:    Redeclaring font encoding OML on input line 712.
LaTeX Font Info:    Redeclaring font encoding OMS on input line 713.


Package amsmath Warning: Unable to redefine math accent \vec.

\macc@depth=\count111
\c@MaxMatrixCols=\count112
\dotsspace@=\muskip10
\c@parentequation=\count113
\dspbrk@lvl=\count114
\tag@help=\toks18
\row@=\count115
\column@=\count116
\maxfields@=\count117
\andhelp@=\toks19
\eqnshift@=\dimen120
\alignsep@=\dimen121
\tagshift@=\dimen122
\tagwidth@=\dimen123
\totwidth@=\dimen124
\lineht@=\dimen125
\@envbody=\toks20
\multlinegap=\skip44
\multlinetaggap=\skip45
\mathdisplay@stack=\toks21
LaTeX Info: Redefining \[ on input line 2817.
LaTeX Info: Redefining \] on input line 2818.
) (/usr/local/texlive/2018/texmf-dist/tex/latex/amsfonts/amssymb.sty
Package: amssymb 2013/01/14 v3.01 AMS font symbols

(/usr/local/texlive/2018/texmf-dist/tex/latex/amsfonts/amsfonts.sty
Package: amsfonts 2013/01/14 v3.01 Basic AMSFonts support
\symAMSa=\mathgroup4
\symAMSb=\mathgroup5
LaTeX Font Info:    Overwriting math alphabet `\mathfrak' in version `bold'
(Font)                  U/euf/m/n --> U/euf/b/n on input line 106.
))
(/usr/local/texlive/2018/texmf-dist/tex/latex/tabu/tabu.sty
Package: tabu 2011/02/26 v2.8 - flexible LaTeX tabulars (FC)

(/usr/local/texlive/2018/texmf-dist/tex/latex/tools/array.sty
Package: array 2018/04/30 v2.4h Tabular extension package (FMi)
\col@sep=\dimen126
\ar@mcellbox=\box31
\extrarowheight=\dimen127
\NC@list=\toks22
\extratabsurround=\skip46
\backup@length=\skip47
\ar@cellbox=\box32
)
(/usr/local/texlive/2018/texmf-dist/tex/latex/varwidth/varwidth.sty
Package: varwidth 2009/03/30 ver 0.92;  Variable-width minipages
\@vwid@box=\box33
\sift@deathcycles=\count118
\@vwid@loff=\dimen128
\@vwid@roff=\dimen129
)
\c@taburow=\count119
\tabu@nbcols=\count120
\tabu@cnt=\count121
\tabu@Xcol=\count122
\tabu@alloc=\count123
\tabu@nested=\count124
\tabu@target=\dimen130
\tabu@spreadtarget=\dimen131
\tabu@naturalX=\dimen132
\tabucolX=\dimen133
\tabu@Xsum=\dimen134
\extrarowdepth=\dimen135
\abovetabulinesep=\dimen136
\belowtabulinesep=\dimen137
\tabustrutrule=\dimen138
\tabu@thebody=\toks23
\tabu@footnotes=\toks24
\tabu@box=\box34
\tabu@arstrutbox=\box35
\tabu@hleads=\box36
\tabu@vleads=\box37
\tabu@cellskip=\skip48
)
(/usr/local/texlive/2018/texmf-dist/tex/latex/cancel/cancel.sty
Package: cancel 2013/04/12 v2.2 Cancel math terms
)
(/usr/local/texlive/2018/texmf-dist/tex/latex/algorithms/algorithm.sty
Package: algorithm 2009/08/24 v0.1 Document Style `algorithm' - floating enviro
nment

(/usr/local/texlive/2018/texmf-dist/tex/latex/float/float.sty
Package: float 2001/11/08 v1.3d Float enhancements (AL)
\c@float@type=\count125
\float@exts=\toks25
\float@box=\box38
\@float@everytoks=\toks26
\@floatcapt=\box39
)
(/usr/local/texlive/2018/texmf-dist/tex/latex/base/ifthen.sty
Package: ifthen 2014/09/29 v1.1c Standard LaTeX ifthen package (DPC)
)
\@float@every@algorithm=\toks27
\c@algorithm=\count126
)
(/usr/local/texlive/2018/texmf-dist/tex/latex/algorithmicx/algorithmicx.sty
Package: algorithmicx 2005/04/27 v1.2 Algorithmicx

Document Style algorithmicx 1.2 - a greatly improved `algorithmic' style
\c@ALG@line=\count127
\c@ALG@rem=\count128
\c@ALG@nested=\count129
\ALG@tlm=\skip49
\ALG@thistlm=\skip50
\c@ALG@Lnr=\count130
\c@ALG@blocknr=\count131
\c@ALG@storecount=\count132
\c@ALG@tmpcounter=\count133
\ALG@tmplength=\skip51
) (/usr/local/texlive/2018/texmf-dist/tex/latex/algorithmicx/algpseudocode.sty
Package: algpseudocode 

Document Style - pseudocode environments for use with the `algorithmicx' style
) (/usr/local/texlive/2018/texmf-dist/tex/latex/caption/subcaption.sty
Package: subcaption 2016/05/22 v1.1-161 Sub-captions (AR)

(/usr/local/texlive/2018/texmf-dist/tex/latex/caption/caption.sty
Package: caption 2017/03/19 v3.3-145 Customizing captions (AR)

(/usr/local/texlive/2018/texmf-dist/tex/latex/caption/caption3.sty
Package: caption3 2018/04/15 v1.7-167 caption3 kernel (AR)
Package caption3 Info: TeX engine: e-TeX on input line 64.
\captionmargin=\dimen139
\captionmargin@=\dimen140
\captionwidth=\dimen141
\caption@tempdima=\dimen142
\caption@indent=\dimen143
\caption@parindent=\dimen144
\caption@hangindent=\dimen145
Package caption Info: Unknown document class (or package),
(caption)             standard defaults will be used.
)

Package caption Warning: Unsupported document class (or package) detected,
(caption)                usage of the caption package is not recommended.
See the caption package documentation for explanation.

Package caption Info: \@makecaption = \long macro:#1#2->\captionstyle \ifx \@ca
ptype \fig@type \vskip \figcapgap \fi \setbox \@tempboxa \hbox {{\floatlegendst
yle #1\floatcounterend }\capstrut #2}\ifdim \wd \@tempboxa >\hsize {\floatlegen
dstyle #1\floatcounterend }\capstrut #2\par \else \hbox to\hsize {\leftlegendgl
ue \unhbox \@tempboxa \hfil }\fi \ifx \@captype \fig@type \else \vskip \tabcapg
ap \fi .
\c@ContinuedFloat=\count134
Package caption Info: float package is loaded.
)
\c@subfigure=\count135
\c@subtable=\count136
) (/usr/local/texlive/2018/texmf-dist/tex/latex/booktabs/booktabs.sty
Package: booktabs 2016/04/27 v1.618033 publication quality tables
\heavyrulewidth=\dimen146
\lightrulewidth=\dimen147
\cmidrulewidth=\dimen148
\belowrulesep=\dimen149
\belowbottomsep=\dimen150
\aboverulesep=\dimen151
\abovetopsep=\dimen152
\cmidrulesep=\dimen153
\cmidrulekern=\dimen154
\defaultaddspace=\dimen155
\@cmidla=\count137
\@cmidlb=\count138
\@aboverulesep=\dimen156
\@belowrulesep=\dimen157
\@thisruleclass=\count139
\@lastruleclass=\count140
\@thisrulewidth=\dimen158
)
(/usr/local/texlive/2018/texmf-dist/tex/latex/mathtools/mathtools.sty
Package: mathtools 2018/01/08 v1.21 mathematical typesetting tools

(/usr/local/texlive/2018/texmf-dist/tex/latex/tools/calc.sty
Package: calc 2017/05/25 v4.3 Infix arithmetic (KKT,FJ)
\calc@Acount=\count141
\calc@Bcount=\count142
\calc@Adimen=\dimen159
\calc@Bdimen=\dimen160
\calc@Askip=\skip52
\calc@Bskip=\skip53
LaTeX Info: Redefining \setlength on input line 80.
LaTeX Info: Redefining \addtolength on input line 81.
\calc@Ccount=\count143
\calc@Cskip=\skip54
)
(/usr/local/texlive/2018/texmf-dist/tex/latex/mathtools/mhsetup.sty
Package: mhsetup 2017/03/31 v1.3 programming setup (MH)
)
LaTeX Info: Thecontrolsequence`\('isalreadyrobust on input line 129.
LaTeX Info: Thecontrolsequence`\)'isalreadyrobust on input line 129.
LaTeX Info: Thecontrolsequence`\['isalreadyrobust on input line 129.
LaTeX Info: Thecontrolsequence`\]'isalreadyrobust on input line 129.
\g_MT_multlinerow_int=\count144
\l_MT_multwidth_dim=\dimen161
\origjot=\skip55
\l_MT_shortvdotswithinadjustabove_dim=\dimen162
\l_MT_shortvdotswithinadjustbelow_dim=\dimen163
\l_MT_above_intertext_sep=\dimen164
\l_MT_below_intertext_sep=\dimen165
\l_MT_above_shortintertext_sep=\dimen166
\l_MT_below_shortintertext_sep=\dimen167
)
(/Users/fredjhickernell/Library/texmf/tex/latex/xcolor/xcolor.sty
Package: xcolor 2004/07/04 v2.00 LaTeX color extensions (UK)

(/usr/local/texlive/2018/texmf-dist/tex/latex/graphics-cfg/color.cfg
File: color.cfg 2016/01/02 v1.6 sample color configuration
)
Package xcolor Info: Driver file: pdftex.def on input line 136.
Package xcolor Info: Color model `cmy' added on input line 972.
Package xcolor Info: Color model `hsb' added on input line 980.
Package xcolor Info: Color model `HTML' added on input line 1000.
Package xcolor Info: Color model `HSB' added on input line 1006.
Package xcolor Info: Color model `Gray' added on input line 1012.

(/usr/local/texlive/2018/texmf-dist/tex/latex/graphics/dvipsnam.def
File: dvipsnam.def 2016/06/17 v3.0m Driver-dependent file (DPC,SPQR)
))
(./BayesianCubaturePaper2018_verb.aux)
\openout1 = `BayesianCubaturePaper2018_verb.aux'.

LaTeX Font Info:    Checking defaults for OML/cmm/m/it on input line 198.
LaTeX Font Info:    ... okay on input line 198.
LaTeX Font Info:    Checking defaults for T1/cmr/m/n on input line 198.
LaTeX Font Info:    ... okay on input line 198.
LaTeX Font Info:    Checking defaults for OT1/cmr/m/n on input line 198.
LaTeX Font Info:    ... okay on input line 198.
LaTeX Font Info:    Checking defaults for OMS/cmsy/m/n on input line 198.
LaTeX Font Info:    ... okay on input line 198.
LaTeX Font Info:    Checking defaults for OMX/cmex/m/n on input line 198.
LaTeX Font Info:    ... okay on input line 198.
LaTeX Font Info:    Checking defaults for U/cmr/m/n on input line 198.
LaTeX Font Info:    ... okay on input line 198.
LaTeX Font Info:    Checking defaults for TS1/cmr/m/n on input line 198.
LaTeX Font Info:    ... okay on input line 198.

Unknown journal: specify \journalname{<name of your journal>} in preambel

(/usr/local/texlive/2018/texmf-dist/tex/context/base/mkii/supp-pdf.mkii
[Loading MPS to PDF converter (version 2006.09.02).]
\scratchcounter=\count145
\scratchdimen=\dimen168
\scratchbox=\box40
\nofMPsegments=\count146
\nofMParguments=\count147
\everyMPshowfont=\toks28
\MPscratchCnt=\count148
\MPscratchDim=\dimen169
\MPnumerator=\count149
\makeMPintoPDFobject=\count150
\everyMPtoPDFconversion=\toks29
) (/usr/local/texlive/2018/texmf-dist/tex/latex/oberdiek/epstopdf-base.sty
Package: epstopdf-base 2016/05/15 v2.6 Base part for package epstopdf

(/usr/local/texlive/2018/texmf-dist/tex/generic/oberdiek/infwarerr.sty
Package: infwarerr 2016/05/16 v1.4 Providing info/warning/error messages (HO)
)
(/usr/local/texlive/2018/texmf-dist/tex/latex/oberdiek/grfext.sty
Package: grfext 2016/05/16 v1.2 Manage graphics extensions (HO)

(/usr/local/texlive/2018/texmf-dist/tex/generic/oberdiek/kvdefinekeys.sty
Package: kvdefinekeys 2016/05/16 v1.4 Define keys (HO)

(/usr/local/texlive/2018/texmf-dist/tex/generic/oberdiek/ltxcmds.sty
Package: ltxcmds 2016/05/16 v1.23 LaTeX kernel commands for general use (HO)
)))
(/usr/local/texlive/2018/texmf-dist/tex/latex/oberdiek/kvoptions.sty
Package: kvoptions 2016/05/16 v3.12 Key value format for package options (HO)

(/usr/local/texlive/2018/texmf-dist/tex/generic/oberdiek/kvsetkeys.sty
Package: kvsetkeys 2016/05/16 v1.17 Key value parser (HO)

(/usr/local/texlive/2018/texmf-dist/tex/generic/oberdiek/etexcmds.sty
Package: etexcmds 2016/05/16 v1.6 Avoid name clashes with e-TeX commands (HO)

(/usr/local/texlive/2018/texmf-dist/tex/generic/oberdiek/ifluatex.sty
Package: ifluatex 2016/05/16 v1.4 Provides the ifluatex switch (HO)
Package ifluatex Info: LuaTeX not detected.
)
Package etexcmds Info: Could not find \expanded.
(etexcmds)             That can mean that you are not using pdfTeX 1.50 or
(etexcmds)             that some package has redefined \expanded.
(etexcmds)             In the latter case, load this package earlier.
)))
(/usr/local/texlive/2018/texmf-dist/tex/generic/oberdiek/pdftexcmds.sty
Package: pdftexcmds 2018/01/30 v0.27 Utility functions of pdfTeX for LuaTeX (HO
)

(/usr/local/texlive/2018/texmf-dist/tex/generic/oberdiek/ifpdf.sty
Package: ifpdf 2017/03/15 v3.2 Provides the ifpdf switch
)
Package pdftexcmds Info: LuaTeX not detected.
Package pdftexcmds Info: \pdf@primitive is available.
Package pdftexcmds Info: \pdf@ifprimitive is available.
Package pdftexcmds Info: \pdfdraftmode found.
)
Package epstopdf-base Info: Redefining graphics rule for `.eps' on input line 4
38.
Package grfext Info: Graphics extension search list:
(grfext)             [.pdf,.png,.jpg,.mps,.jpeg,.jbig2,.jb2,.PDF,.PNG,.JPG,.JPE
G,.JBIG2,.JB2,.eps]
(grfext)             \AppendGraphicsExtensions on input line 456.

(/usr/local/texlive/2018/texmf-dist/tex/latex/latexconfig/epstopdf-sys.cfg
File: epstopdf-sys.cfg 2010/07/13 v1.3 Configuration of (r)epstopdf for TeX Liv
e
))
Package caption Info: Begin \AtBeginDocument code.
Package caption Info: Incompatible package detected (regarding \@caption).
(caption)             \@caption = \long macro:#1[#2]#3->\par \addcontentsline {
\csname ext@#1\endcsname }{#1}{\protect \numberline {\csname the#1\endcsname }{
\ignorespaces #2}}\begingroup \@parboxrestore \@makecaption {\csname fnum@#1\en
dcsname }{\ignorespaces #3}\par \endgroup .


Package caption Warning: Forced redefinition of \caption since the
(caption)                unsupported(!) package option `compatibility=false'
(caption)                was given.
See the caption package documentation for explanation.

Package caption Info: End \AtBeginDocument code.
SVJour3 warning: Missing \journalname
LaTeX Font Info:    Try loading font information for U+msa on input line 240.
(/usr/local/texlive/2018/texmf-dist/tex/latex/amsfonts/umsa.fd
File: umsa.fd 2013/01/14 v3.01 AMS symbols A
)
LaTeX Font Info:    Try loading font information for U+msb on input line 240.

(/usr/local/texlive/2018/texmf-dist/tex/latex/amsfonts/umsb.fd
File: umsb.fd 2013/01/14 v3.01 AMS symbols B
)
LaTeX Font Info:    Calculating math sizes for size <8.5> on input line 240.

Overfull \hbox (4.95406pt too wide) in paragraph at lines 243--248
[]\OT1/cmr/m/n/10 Automatic cu-ba-tures pro-vide ap-prox-i-ma-tions
 []

[1{/usr/local/texlive/2018/texmf-var/fonts/map/pdftex/updmap/pdftex.map}


]
Overfull \hbox (3.03647pt too wide) in paragraph at lines 301--302
\OT1/cmr/m/n/10 real-valued mean $\OML/cmm/m/it/10 m$ \OT1/cmr/m/n/10 and co-va
ri-ance func-tion $\OML/cmm/m/it/10 s[]C[]$\OT1/cmr/m/n/10 , where
 []

[2]
Underfull \vbox (badness 10000) has occurred while \output is active []

 [3]
[4]
<./figures/MVNBayesianWtSobol.png, id=34, 421.575pt x 316.0608pt>
File: ./figures/MVNBayesianWtSobol.png Graphic file (type png)
<use ./figures/MVNBayesianWtSobol.png>
Package pdftex.def Info: ./figures/MVNBayesianWtSobol.png  used on input line 6
74.
(pdftex.def)             Requested size: 151.80547pt x 113.81102pt.
<./figures/MVN_bayesianCubaturecomputeTime.png, id=35, 421.575pt x 316.0608pt>
File: ./figures/MVN_bayesianCubaturecomputeTime.png Graphic file (type png)
<use ./figures/MVN_bayesianCubaturecomputeTime.png>
Package pdftex.def Info: ./figures/MVN_bayesianCubaturecomputeTime.png  used on
 input line 678.
(pdftex.def)             Requested size: 151.80547pt x 113.81102pt.

Overfull \hbox (3.58855pt too wide) in paragraph at lines 673--680
 [][] 
 []


Overfull \hbox (3.58855pt too wide) in paragraph at lines 673--680
 [] 
 []


Overfull \hbox (7.31406pt too wide) in paragraph at lines 694--695
\OT1/cmr/m/n/10 so that the vector-matrix op-er-a-tions re-quired by Bayesian
 []

[5 <./figures/MVNBayesianWtSobol.png (PNG copy)> <./figures/MVN_bayesianCubatur
ecomputeTime.png (PNG copy)>]
Overfull \hbox (2.39734pt too wide) in paragraph at lines 724--725
[]\OT1/cmr/m/n/10 Under as-sump-tions [] the eigen-val-ues may be iden-
 []

[6]
Overfull \hbox (8.4529pt too wide) in paragraph at lines 904--905
\OT1/cmr/m/n/10 shifted ex-ten-si-ble in-te-gra-tion lat-tice node se-quence, w
hich
 []

Package epstopdf Info: Source file: <./figures/ShiftedLatticePoints.eps>
(epstopdf)                    date: 2018-07-12 17:03:15
(epstopdf)                    size: 75110 bytes
(epstopdf)             Output file: <./figures/ShiftedLatticePoints-eps-convert
ed-to.pdf>
(epstopdf)                    date: 2018-07-12 17:04:06
(epstopdf)                    size: 30491 bytes
(epstopdf)             Command: <repstopdf --outfile=./figures/ShiftedLatticePo
ints-eps-converted-to.pdf ./figures/ShiftedLatticePoints.eps>
(epstopdf)             \includegraphics on input line 923.
Package epstopdf Info: Output file is already uptodate.
<./figures/ShiftedLatticePoints-eps-converted-to.pdf, id=48, 393.47pt x 412.541
24pt>
File: ./figures/ShiftedLatticePoints-eps-converted-to.pdf Graphic file (type pd
f)
<use ./figures/ShiftedLatticePoints-eps-converted-to.pdf>
Package pdftex.def Info: ./figures/ShiftedLatticePoints-eps-converted-to.pdf  u
sed on input line 923.
(pdftex.def)             Requested size: 135.68724pt x 142.26378pt.
[7 <./figures/ShiftedLatticePoints-eps-converted-to.pdf>]
<"figures/fourier_kernel dim_1".png, id=55, 469.755pt x 397.485pt>
File: "figures/fourier_kernel dim_1".png Graphic file (type png)
<use "figures/fourier_kernel dim_1".png>
Package pdftex.def Info: "figures/fourier_kernel dim_1".png  used on input line
 948.
(pdftex.def)             Requested size: 215.06628pt x 181.978pt.

Overfull \hbox (10.3835pt too wide) in paragraph at lines 955--956
\OT1/cmr/m/n/10 For gen-eral shift-invariance co-vari-ance func-tions the Gram
 []


Overfull \hbox (0.36967pt too wide) in paragraph at lines 964--967
\OT1/cmr/m/n/10 Assumption [] fol-lows au-to-mat-i-cally. Now, note that
 []


Underfull \vbox (badness 1014) has occurred while \output is active []

 [8 <./figures/fourier_kernel dim_1.png (PNG copy)>]
Overfull \hbox (14.46059pt too wide) in paragraph at lines 1047--1048
\OT1/cmr/m/n/10 ar-gu-ment es-tab-lishes that $\OT1/cmss/m/n/10 V[][]$ \OT1/cmr
/m/n/10 re-quires only $[](\OML/cmm/m/it/10 n []\OT1/cmr/m/n/10 (\OML/cmm/m/it/
10 n\OT1/cmr/m/n/10 ))$
 []


Underfull \vbox (badness 10000) has occurred while \output is active []


Overfull \hbox (2.76157pt too wide) detected at line 1111
[]
 []

[9]

LaTeX Warning: Reference `bayes_SI_kernel' on page 10 undefined on input line 1
118.

<"figures/arbMean/Keister/C1sin/Keister Normplot d_2 bernoulli_2 Period_C1sin n
_32768".png, id=62, 578.16pt x 433.62pt>
File: "figures/arbMean/Keister/C1sin/Keister Normplot d_2 bernoulli_2 Period_C1
sin n_32768".png Graphic file (type png)
<use "figures/arbMean/Keister/C1sin/Keister Normplot d_2 bernoulli_2 Period_C1s
in n_32768".png>
Package pdftex.def Info: "figures/arbMean/Keister/C1sin/Keister Normplot d_2 be
rnoulli_2 Period_C1sin n_32768".png  used on input line 1240.
(pdftex.def)             Requested size: 215.06628pt x 161.29703pt.
[10]
<"figures/arbMean/MVN/C1sin/MVN Normplot d_2 bernoulli_2 Period_C1sin n_32768".
png, id=66, 578.16pt x 433.62pt>
File: "figures/arbMean/MVN/C1sin/MVN Normplot d_2 bernoulli_2 Period_C1sin n_32
768".png Graphic file (type png)
<use "figures/arbMean/MVN/C1sin/MVN Normplot d_2 bernoulli_2 Period_C1sin n_327
68".png>
Package pdftex.def Info: "figures/arbMean/MVN/C1sin/MVN Normplot d_2 bernoulli_
2 Period_C1sin n_32768".png  used on input line 1250.
(pdftex.def)             Requested size: 215.06628pt x 161.29703pt.
<"figures/Keister_wholeR".png, id=67, 421.575pt x 316.0608pt>
File: "figures/Keister_wholeR".png Graphic file (type png)
<use "figures/Keister_wholeR".png>
Package pdftex.def Info: "figures/Keister_wholeR".png  used on input line 1314.

(pdftex.def)             Requested size: 227.01523pt x 170.19766pt.
<"figures/Keister_cube_0_1".png, id=68, 421.575pt x 316.0608pt>
File: "figures/Keister_cube_0_1".png Graphic file (type png)
<use "figures/Keister_cube_0_1".png>
Package pdftex.def Info: "figures/Keister_cube_0_1".png  used on input line 132
1.
(pdftex.def)             Requested size: 227.01523pt x 170.19766pt.

Overfull \hbox (4.94324pt too wide) detected at line 1349
 []$[][]\OT1/cmr/m/n/10 (\OML/cmm/m/it/10 j\OT1/cmr/m/n/10 ) = []\OML/cmm/m/it/
10 ;  j \OT1/cmr/m/n/10 = 3\OML/cmm/m/it/10 ; \OT1/cmr/m/n/10 4\OML/cmm/m/it/10
 ; [] :  $ 
 []

[11 <./figures/arbMean/Keister/C1sin/Keister Normplot d_2 bernoulli_2 Period_C1
sin n_32768.png (PNG copy)> <./figures/arbMean/MVN/C1sin/MVN Normplot d_2 berno
ulli_2 Period_C1sin n_32768.png (PNG copy)> <./figures/Keister_wholeR.png (PNG 
copy)> <./figures/Keister_cube_0_1.png (PNG copy)>]
<./figures/Plotting_gaussian.png, id=72, 404.712pt x 303.534pt>
File: ./figures/Plotting_gaussian.png Graphic file (type png)
<use ./figures/Plotting_gaussian.png>
Package pdftex.def Info: ./figures/Plotting_gaussian.png  used on input line 13
72.
(pdftex.def)             Requested size: 237.59789pt x 178.19887pt.
Package epstopdf Info: Source file: <./figures/GenzFun.eps>
(epstopdf)                    date: 2018-07-12 17:03:15
(epstopdf)                    size: 48910 bytes
(epstopdf)             Output file: <./figures/GenzFun-eps-converted-to.pdf>
(epstopdf)                    date: 2018-07-12 17:04:10
(epstopdf)                    size: 46218 bytes
(epstopdf)             Command: <repstopdf --outfile=./figures/GenzFun-eps-conv
erted-to.pdf ./figures/GenzFun.eps>
(epstopdf)             \includegraphics on input line 1377.
Package epstopdf Info: Output file is already uptodate.
<./figures/GenzFun-eps-converted-to.pdf, id=73, 422.57875pt x 317.185pt>
File: ./figures/GenzFun-eps-converted-to.pdf Graphic file (type pdf)
<use ./figures/GenzFun-eps-converted-to.pdf>
Package pdftex.def Info: ./figures/GenzFun-eps-converted-to.pdf  used on input 
line 1377.
(pdftex.def)             Requested size: 237.59789pt x 178.3435pt.

Underfull \vbox (badness 10000) has occurred while \output is active []


Overfull \hbox (5.57187pt too wide) detected at line 1474
[]
 []

[12 <./figures/Plotting_gaussian.png (PNG copy)> <./figures/GenzFun-eps-convert
ed-to.pdf>]
<"figures/optPrice_guaranteed_time_MLE_Baker_29-Jul-2018 03-10-33".png, id=83, 
650.43pt x 433.62pt>
File: "figures/optPrice_guaranteed_time_MLE_Baker_29-Jul-2018 03-10-33".png Gra
phic file (type png)
<use "figures/optPrice_guaranteed_time_MLE_Baker_29-Jul-2018 03-10-33".png>
Package pdftex.def Info: "figures/optPrice_guaranteed_time_MLE_Baker_29-Jul-201
8 03-10-33".png  used on input line 1513.
(pdftex.def)             Requested size: 227.01523pt x 151.3392pt.
<"figures/Keister_guaranteed_time_MLE_C2sin_29-Jul-2018 02-13-57".png, id=84, 6
50.43pt x 433.62pt>
File: "figures/Keister_guaranteed_time_MLE_C2sin_29-Jul-2018 02-13-57".png Grap
hic file (type png)
<use "figures/Keister_guaranteed_time_MLE_C2sin_29-Jul-2018 02-13-57".png>
Package pdftex.def Info: "figures/Keister_guaranteed_time_MLE_C2sin_29-Jul-2018
 02-13-57".png  used on input line 1519.
(pdftex.def)             Requested size: 227.01523pt x 151.3392pt.
<"figures/MVN_guaranteed_time_MLE_C0_29-Jul-2018 02-13-31".png, id=85, 650.43pt
 x 433.62pt>
File: "figures/MVN_guaranteed_time_MLE_C0_29-Jul-2018 02-13-31".png Graphic fil
e (type png)
<use "figures/MVN_guaranteed_time_MLE_C0_29-Jul-2018 02-13-31".png>
Package pdftex.def Info: "figures/MVN_guaranteed_time_MLE_C0_29-Jul-2018 02-13-
31".png  used on input line 1525.
(pdftex.def)             Requested size: 227.01523pt x 151.3392pt.
<"figures/optPrice_guaranteed_time_FB_Baker_29-Jul-2018 04-03-05".png, id=86, 6
50.43pt x 433.62pt>
File: "figures/optPrice_guaranteed_time_FB_Baker_29-Jul-2018 04-03-05".png Grap
hic file (type png)
<use "figures/optPrice_guaranteed_time_FB_Baker_29-Jul-2018 04-03-05".png>
Package pdftex.def Info: "figures/optPrice_guaranteed_time_FB_Baker_29-Jul-2018
 04-03-05".png  used on input line 1537.
(pdftex.def)             Requested size: 227.01523pt x 151.3392pt.
<"figures/Keister_guaranteed_time_FB_C2sin_29-Jul-2018 03-11-01".png, id=87, 65
0.43pt x 433.62pt>
File: "figures/Keister_guaranteed_time_FB_C2sin_29-Jul-2018 03-11-01".png Graph
ic file (type png)
<use "figures/Keister_guaranteed_time_FB_C2sin_29-Jul-2018 03-11-01".png>
Package pdftex.def Info: "figures/Keister_guaranteed_time_FB_C2sin_29-Jul-2018 
03-11-01".png  used on input line 1543.
(pdftex.def)             Requested size: 227.01523pt x 151.3392pt.
<"figures/MVN_guaranteed_time_FB_C0_29-Jul-2018 03-10-36".png, id=88, 650.43pt 
x 433.62pt>
File: "figures/MVN_guaranteed_time_FB_C0_29-Jul-2018 03-10-36".png Graphic file
 (type png)
<use "figures/MVN_guaranteed_time_FB_C0_29-Jul-2018 03-10-36".png>
Package pdftex.def Info: "figures/MVN_guaranteed_time_FB_C0_29-Jul-2018 03-10-3
6".png  used on input line 1549.
(pdftex.def)             Requested size: 227.01523pt x 151.3392pt.
<"figures/optPrice_guaranteed_time_GCV_Baker_29-Jul-2018 05-00-29".png, id=89, 
650.43pt x 433.62pt>
File: "figures/optPrice_guaranteed_time_GCV_Baker_29-Jul-2018 05-00-29".png Gra
phic file (type png)
<use "figures/optPrice_guaranteed_time_GCV_Baker_29-Jul-2018 05-00-29".png>
Package pdftex.def Info: "figures/optPrice_guaranteed_time_GCV_Baker_29-Jul-201
8 05-00-29".png  used on input line 1559.
(pdftex.def)             Requested size: 227.01523pt x 151.3392pt.
<"figures/Keister_guaranteed_time_GCV_C2sin_29-Jul-2018 04-03-33".png, id=90, 6
50.43pt x 433.62pt>
File: "figures/Keister_guaranteed_time_GCV_C2sin_29-Jul-2018 04-03-33".png Grap
hic file (type png)
<use "figures/Keister_guaranteed_time_GCV_C2sin_29-Jul-2018 04-03-33".png>
Package pdftex.def Info: "figures/Keister_guaranteed_time_GCV_C2sin_29-Jul-2018
 04-03-33".png  used on input line 1565.
(pdftex.def)             Requested size: 227.01523pt x 151.3392pt.
<"figures/MVN_guaranteed_time_GCV_C0_29-Jul-2018 04-03-09".png, id=91, 650.43pt
 x 433.62pt>
File: "figures/MVN_guaranteed_time_GCV_C0_29-Jul-2018 04-03-09".png Graphic fil
e (type png)
<use "figures/MVN_guaranteed_time_GCV_C0_29-Jul-2018 04-03-09".png>
Package pdftex.def Info: "figures/MVN_guaranteed_time_GCV_C0_29-Jul-2018 04-03-
09".png  used on input line 1571.
(pdftex.def)             Requested size: 227.01523pt x 151.3392pt.
 [13 <./figures/optPrice_guaranteed_time_MLE_Baker_29-Jul-2018 03-10-33.png (PN
G copy)> <./figures/Keister_guaranteed_time_MLE_C2sin_29-Jul-2018 02-13-57.png 
(PNG copy)> <./figures/MVN_guaranteed_time_MLE_C0_29-Jul-2018 02-13-31.png (PNG
 copy)> <./figures/optPrice_guaranteed_time_FB_Baker_29-Jul-2018 04-03-05.png (
PNG copy)> <./figures/Keister_guaranteed_time_FB_C2sin_29-Jul-2018 03-11-01.png
 (PNG copy)>] [14 <./figures/MVN_guaranteed_time_FB_C0_29-Jul-2018 03-10-36.png
 (PNG copy)> <./figures/optPrice_guaranteed_time_GCV_Baker_29-Jul-2018 05-00-29
.png (PNG copy)> <./figures/Keister_guaranteed_time_GCV_C2sin_29-Jul-2018 04-03
-33.png (PNG copy)> <./figures/MVN_guaranteed_time_GCV_C0_29-Jul-2018 04-03-09.
png (PNG copy)>] (./BayesianCubaturePaper2018_verb.bbl
Underfull \hbox (badness 1270) in paragraph at lines 85--87
[]\OT1/cmr/m/n/8.5 Rasmussen, C.E., Ghahra-mani., Z.: Bayesian monte
 []


Underfull \hbox (badness 10000) in paragraph at lines 89--92
[]\OT1/cmr/m/n/8.5 Rasmussen, C.E., Williams, C.: Gaus-sian Pro-
 []


Underfull \hbox (badness 2809) in paragraph at lines 89--92
\OT1/cmr/m/n/8.5 cesses for Ma-chine Learn-ing.  MIT Press, Cam-
 []


Underfull \hbox (badness 3029) in paragraph at lines 89--92
\OT1/cmr/m/n/8.5 bridge, Mas-sachusetts (2006).  (on-line ver-sion at
 []

) [15] (./BayesianCubaturePaper2018_verb.aux)

LaTeX Warning: There were undefined references.

 ) 
Here is how much of TeX's memory you used:
 6988 strings out of 492649
 107566 string characters out of 6129623
 203796 words of memory out of 5000000
 10712 multiletter control sequences out of 15000+600000
 19437 words of font info for 71 fonts, out of 8000000 for 9000
 1141 hyphenation exceptions out of 8191
 42i,22n,40p,706b,486s stack positions out of 5000i,500n,10000p,200000b,80000s
</usr/local/texlive/2018/texmf-dist/fonts/type1/public/amsfonts/cm/cmbsy10.pf
b></usr/local/texlive/2018/texmf-dist/fonts/type1/public/amsfonts/cm/cmbx10.pfb
></usr/local/texlive/2018/texmf-dist/fonts/type1/public/amsfonts/cm/cmbx12.pfb>
</usr/local/texlive/2018/texmf-dist/fonts/type1/public/amsfonts/cm/cmbx8.pfb></
usr/local/texlive/2018/texmf-dist/fonts/type1/public/amsfonts/cm/cmex10.pfb></u
sr/local/texlive/2018/texmf-dist/fonts/type1/public/amsfonts/cmextra/cmex7.pfb>
</usr/local/texlive/2018/texmf-dist/fonts/type1/public/amsfonts/cmextra/cmex9.p
fb></usr/local/texlive/2018/texmf-dist/fonts/type1/public/amsfonts/cm/cmmi10.pf
b></usr/local/texlive/2018/texmf-dist/fonts/type1/public/amsfonts/cm/cmmi5.pfb>
</usr/local/texlive/2018/texmf-dist/fonts/type1/public/amsfonts/cm/cmmi7.pfb></
usr/local/texlive/2018/texmf-dist/fonts/type1/public/amsfonts/cm/cmmi8.pfb></us
r/local/texlive/2018/texmf-dist/fonts/type1/public/amsfonts/cm/cmmib10.pfb></us
r/local/texlive/2018/texmf-dist/fonts/type1/public/amsfonts/cmextra/cmmib7.pfb>
</usr/local/texlive/2018/texmf-dist/fonts/type1/public/amsfonts/cm/cmr10.pfb></
usr/local/texlive/2018/texmf-dist/fonts/type1/public/amsfonts/cm/cmr5.pfb></usr
/local/texlive/2018/texmf-dist/fonts/type1/public/amsfonts/cm/cmr7.pfb></usr/lo
cal/texlive/2018/texmf-dist/fonts/type1/public/amsfonts/cm/cmr8.pfb></usr/local
/texlive/2018/texmf-dist/fonts/type1/public/amsfonts/cm/cmss10.pfb></usr/local/
texlive/2018/texmf-dist/fonts/type1/public/amsfonts/cm/cmss8.pfb></usr/local/te
xlive/2018/texmf-dist/fonts/type1/public/amsfonts/cm/cmsy10.pfb></usr/local/tex
live/2018/texmf-dist/fonts/type1/public/amsfonts/cm/cmsy5.pfb></usr/local/texli
ve/2018/texmf-dist/fonts/type1/public/amsfonts/cm/cmsy7.pfb></usr/local/texlive
/2018/texmf-dist/fonts/type1/public/amsfonts/cm/cmsy8.pfb></usr/local/texlive/2
018/texmf-dist/fonts/type1/public/amsfonts/cm/cmti10.pfb></usr/local/texlive/20
18/texmf-dist/fonts/type1/public/amsfonts/cm/cmti8.pfb></usr/local/texlive/2018
/texmf-dist/fonts/type1/public/amsfonts/cm/cmtt8.pfb></usr/local/texlive/2018/t
exmf-dist/fonts/type1/public/amsfonts/symbols/msbm10.pfb></usr/local/texlive/20
18/texmf-dist/fonts/type1/public/amsfonts/symbols/msbm7.pfb>
Output written on BayesianCubaturePaper2018_verb.pdf (15 pages, 1227037 bytes).

PDF statistics:
 193 PDF objects out of 1000 (max. 8388607)
 123 compressed objects within 2 object streams
 0 named destinations out of 1000 (max. 500000)
 96 words of extra memory for PDF output out of 10000 (max. 10000000)

